<?xml version="1.0" encoding="UTF-8"?>
<robot generator="Robot 6.0.2 (Python 3.9.13 on win32)" generated="20230118 15:51:05.193" rpa="false" schemaversion="3">
<suite id="s1" name="Demo11 Advance" source="C:\Users\40032464\PycharmProjects\Robot_Project\selinium_suit\demo11_advance.robot">
<test id="s1-t1" name="TC2" line="13">
<kw name="Open Browser" library="SeleniumLibrary">
<arg>browser=chrome</arg>
<doc>Opens a new browser instance to the optional ``url``.</doc>
<msg timestamp="20230118 15:51:05.587" level="INFO">Opening browser 'chrome' to base url 'None'.</msg>
<status status="PASS" starttime="20230118 15:51:05.587" endtime="20230118 15:51:07.413"/>
</kw>
<kw name="Maximize Browser Window" library="SeleniumLibrary">
<doc>Maximizes current browser window.</doc>
<status status="PASS" starttime="20230118 15:51:07.414" endtime="20230118 15:51:07.564"/>
</kw>
<kw name="Set Selenium Implicit Wait" library="SeleniumLibrary">
<arg>30s</arg>
<doc>Sets the implicit wait value used by Selenium.</doc>
<status status="PASS" starttime="20230118 15:51:07.564" endtime="20230118 15:51:07.568"/>
</kw>
<kw name="Go To" library="SeleniumLibrary">
<arg>url=https:/www.facebook.com/</arg>
<doc>Navigates the current browser window to the provided ``url``.</doc>
<msg timestamp="20230118 15:51:07.569" level="INFO">Opening url 'https:/www.facebook.com/'</msg>
<status status="PASS" starttime="20230118 15:51:07.568" endtime="20230118 15:51:11.286"/>
</kw>
<kw name="Input Text" library="SeleniumLibrary">
<arg>css=#email</arg>
<arg>jack</arg>
<doc>Types the given ``text`` into the text field identified by ``locator``.</doc>
<msg timestamp="20230118 15:51:11.286" level="INFO">Typing text 'jack' into text field 'css=#email'.</msg>
<status status="PASS" starttime="20230118 15:51:11.286" endtime="20230118 15:51:11.389"/>
</kw>
<kw name="Input Password" library="SeleniumLibrary">
<arg>css=#pass</arg>
<arg>12365</arg>
<doc>Types the given password into the text field identified by ``locator``.</doc>
<msg timestamp="20230118 15:51:11.389" level="INFO">Typing password into text field 'css=#pass'.</msg>
<msg timestamp="20230118 15:51:11.449" level="INFO">Temporally setting log level to: NONE</msg>
<msg timestamp="20230118 15:51:11.532" level="INFO">Log level changed from NONE to INFO.</msg>
<status status="PASS" starttime="20230118 15:51:11.389" endtime="20230118 15:51:11.532"/>
</kw>
<kw name="Click Element" library="SeleniumLibrary">
<arg>css=button[name='login']</arg>
<doc>Click the element identified by ``locator``.</doc>
<msg timestamp="20230118 15:51:11.534" level="INFO">Clicking element 'css=button[name='login']'.</msg>
<status status="PASS" starttime="20230118 15:51:11.532" endtime="20230118 15:51:11.633"/>
</kw>
<status status="PASS" starttime="20230118 15:51:05.587" endtime="20230118 15:51:11.635"/>
</test>
<status status="PASS" starttime="20230118 15:51:05.202" endtime="20230118 15:51:11.635"/>
</suite>
<statistics>
<total>
<stat pass="1" fail="0" skip="0">All Tests</stat>
</total>
<tag>
</tag>
<suite>
<stat pass="1" fail="0" skip="0" id="s1" name="Demo11 Advance">Demo11 Advance</stat>
</suite>
</statistics>
<errors>
</errors>
</robot>
